#
# There is insufficient memory for the Java Runtime Environment to continue.
# Native memory allocation (mmap) failed to map 65536 bytes for committing reserved memory.
# Possible reasons:
#   The system is out of physical RAM or swap space
#   In 32 bit mode, the process size limit was hit
# Possible solutions:
#   Reduce memory load on the system
#   Increase physical memory or swap space
#   Check if swap backing store is full
#   Use 64 bit Java on a 64 bit OS
#   Decrease Java heap size (-Xmx/-Xms)
#   Decrease number of Java threads
#   Decrease Java thread stack sizes (-Xss)
#   Set larger code cache with -XX:ReservedCodeCacheSize=
# This output file may be truncated or incomplete.
#
#  Out of Memory Error (os_linux.cpp:2643), pid=21204, tid=0x00007f1ee53ae700
#
# JRE version: OpenJDK Runtime Environment (8.0_141-b15) (build 1.8.0_141-8u141-b15-1~deb9u1-b15)
# Java VM: OpenJDK 64-Bit Server VM (25.141-b15 mixed mode linux-amd64 compressed oops)
# Failed to write core dump. Core dumps have been disabled. To enable core dumping, try "ulimit -c unlimited" before starting Java again
#

---------------  T H R E A D  ---------------

Current thread (0x00007f1ee00cc800):  JavaThread "C1 CompilerThread1" daemon [_thread_in_vm, id=21211, stack(0x00007f1ee52ae000,0x00007f1ee53af000)]

Stack: [0x00007f1ee52ae000,0x00007f1ee53af000],  sp=0x00007f1ee53acff0,  free space=1019k
Native frames: (J=compiled Java code, j=interpreted, Vv=VM code, C=native code)
V  [libjvm.so+0xa6fa70]  VMError::report_and_die()+0x160
V  [libjvm.so+0x4c7bec]  report_vm_out_of_memory(char const*, int, unsigned long, VMErrorType, char const*)+0xac
V  [libjvm.so+0x8be780]  os::pd_commit_memory(char*, unsigned long, unsigned long, bool)+0xf0
V  [libjvm.so+0x8b8e0e]  os::commit_memory(char*, unsigned long, unsigned long, bool)+0x2e
V  [libjvm.so+0xa6c664]  VirtualSpace::expand_by(unsigned long, bool)+0x1a4
V  [libjvm.so+0x5e919d]  CodeHeap::expand_by(unsigned long)+0x6d
V  [libjvm.so+0x447386]  CodeCache::allocate(int, bool)+0x46
V  [libjvm.so+0x88f90b]  nmethod::new_nmethod(methodHandle, int, int, CodeOffsets*, int, DebugInformationRecorder*, Dependencies*, CodeBuffer*, int, OopMapSet*, ExceptionHandlerTable*, ImplicitExceptionTable*, AbstractCompiler*, int)+0x23b
V  [libjvm.so+0x3dec72]  ciEnv::register_method(ciMethod*, int, CodeOffsets*, int, CodeBuffer*, int, OopMapSet*, ExceptionHandlerTable*, ImplicitExceptionTable*, AbstractCompiler*, int, bool, bool, RTMState)+0x232
V  [libjvm.so+0x3247e4]  Compilation::compile_method()+0x1f4
V  [libjvm.so+0x324afe]  Compilation::Compilation(AbstractCompiler*, ciEnv*, ciMethod*, int, BufferBlob*)+0x21e
V  [libjvm.so+0x3257b7]  Compiler::compile_method(ciEnv*, ciMethod*, int)+0xb7
V  [libjvm.so+0x4768f4]  CompileBroker::invoke_compiler_on_method(CompileTask*)+0x7b4
V  [libjvm.so+0x4787d6]  CompileBroker::compiler_thread_loop()+0x4b6
V  [libjvm.so+0xa14ccb]  JavaThread::thread_main_inner()+0x1eb
V  [libjvm.so+0xa1518f]  JavaThread::run()+0x46f
V  [libjvm.so+0x8bbd12]  java_start(Thread*)+0xf2
C  [libpthread.so.0+0x7494]  start_thread+0xc4


Current CompileTask:
C1:  21210  936       3       d.b.d.bS::c (1694 bytes)


---------------  P R O C E S S  ---------------

Java Threads: ( => current thread )
  0x00007f1ee02a6000 JavaThread "pool-2-thread-6" daemon [_thread_blocked, id=21226, stack(0x00007f1ee46e3000,0x00007f1ee47e4000)]
  0x00007f1ee02a4800 JavaThread "pool-2-thread-5" daemon [_thread_blocked, id=21225, stack(0x00007f1ee47e4000,0x00007f1ee48e5000)]
  0x00007f1ee02a2800 JavaThread "pool-2-thread-4" daemon [_thread_blocked, id=21224, stack(0x00007f1ee48e5000,0x00007f1ee49e6000)]
  0x00007f1ee02a1000 JavaThread "pool-2-thread-3" daemon [_thread_blocked, id=21223, stack(0x00007f1ee49e6000,0x00007f1ee4ae7000)]
  0x00007f1ee02a0000 JavaThread "pool-2-thread-2" daemon [_thread_blocked, id=21222, stack(0x00007f1ee4ce9000,0x00007f1ee4dea000)]
  0x00007f1ee029f000 JavaThread "pool-2-thread-1" daemon [_thread_blocked, id=21221, stack(0x00007f1ee4be8000,0x00007f1ee4ce9000)]
  0x00007f1ee0290000 JavaThread "progress-bar" daemon [_thread_blocked, id=21220, stack(0x00007f1ee4ae7000,0x00007f1ee4be8000)]
  0x00007f1ee028e000 JavaThread "process reaper" daemon [_thread_blocked, id=21215, stack(0x00007f1ee4dea000,0x00007f1ee4e23000)]
  0x00007f1ee00d0000 JavaThread "Service Thread" daemon [_thread_blocked, id=21212, stack(0x00007f1ee51ad000,0x00007f1ee52ae000)]
=>0x00007f1ee00cc800 JavaThread "C1 CompilerThread1" daemon [_thread_in_vm, id=21211, stack(0x00007f1ee52ae000,0x00007f1ee53af000)]
  0x00007f1ee00ca800 JavaThread "C2 CompilerThread0" daemon [_thread_blocked, id=21210, stack(0x00007f1ee53af000,0x00007f1ee54b0000)]
  0x00007f1ee00c8800 JavaThread "Signal Dispatcher" daemon [_thread_blocked, id=21209, stack(0x00007f1ee54b0000,0x00007f1ee55b1000)]
  0x00007f1ee00a1000 JavaThread "Finalizer" daemon [_thread_blocked, id=21208, stack(0x00007f1ee574c000,0x00007f1ee584d000)]
  0x00007f1ee009c800 JavaThread "Reference Handler" daemon [_thread_blocked, id=21207, stack(0x00007f1ee584d000,0x00007f1ee594e000)]
  0x00007f1ee000a000 JavaThread "main" [_thread_blocked, id=21205, stack(0x00007f1ee9e12000,0x00007f1ee9f13000)]

Other Threads:
  0x00007f1ee0095000 VMThread [stack: 0x00007f1ee594e000,0x00007f1ee5a4f000] [id=21206]
  0x00007f1ee00d7000 WatcherThread [stack: 0x00007f1ee50ac000,0x00007f1ee51ad000] [id=21213]

VM state:synchronizing (normal execution)

VM Mutex/Monitor currently owned by a thread:  ([mutex/lock_event])
[0x00007f1ee0005790] CodeCache_lock - owner thread: 0x00007f1ee00cc800
[0x00007f1ee0006410] Threads_lock - owner thread: 0x00007f1ee0095000
[0x00007f1ee0006910] Heap_lock - owner thread: 0x00007f1ee02a2800
[0x00007f1ee0006e10] Compile_lock - owner thread: 0x00007f1ee00cc800
[0x00007f1ee0006f10] MethodCompileQueue_lock - owner thread: 0x00007f1ee00cc800

Heap:
 def new generation   total 3072K, used 3071K [0x00000000f6a00000, 0x00000000f6d50000, 0x00000000f9c00000)
  eden space 2752K, 100% used [0x00000000f6a00000, 0x00000000f6cb0000, 0x00000000f6cb0000)
  from space 320K,  99% used [0x00000000f6d00000, 0x00000000f6d4fff0, 0x00000000f6d50000)
  to   space 320K,   0% used [0x00000000f6cb0000, 0x00000000f6cb0000, 0x00000000f6d00000)
 tenured generation   total 6848K, used 4602K [0x00000000f9c00000, 0x00000000fa2b0000, 0x0000000100000000)
   the space 6848K,  67% used [0x00000000f9c00000, 0x00000000fa07ebf8, 0x00000000fa07ec00, 0x00000000fa2b0000)
 Metaspace       used 13412K, capacity 13584K, committed 13696K, reserved 1060864K
  class space    used 2306K, capacity 2374K, committed 2432K, reserved 1048576K

Card table byte_map: [0x00007f1ee9dbe000,0x00007f1ee9e0a000] byte_map_base: 0x00007f1ee9609000

Polling page: 0x00007f1ee9f1a000

CodeCache: size=245760Kb used=3157Kb max_used=3157Kb free=242602Kb
 bounds [0x00007f1ed1000000, 0x00007f1ed1320000, 0x00007f1ee0000000]
 total_blobs=1255 nmethods=930 adapters=238
 compilation: enabled

Compilation events (10 events):
Event: 3.999 Thread 0x00007f1ee00cc800 nmethod 931 0x00007f1ed1315890 code [0x00007f1ed13159e0, 0x00007f1ed1315af0]
Event: 4.003 Thread 0x00007f1ee00cc800  932       1       coursier.a.E::c (5 bytes)
Event: 4.003 Thread 0x00007f1ee00cc800 nmethod 932 0x00007f1ed1315b50 code [0x00007f1ed1315ca0, 0x00007f1ed1315db0]
Event: 4.003 Thread 0x00007f1ee00cc800  933       3       d.b.d.bS::m (6 bytes)
Event: 4.003 Thread 0x00007f1ee00cc800 nmethod 933 0x00007f1ed1315e10 code [0x00007f1ed1315f60, 0x00007f1ed13160b0]
Event: 4.004 Thread 0x00007f1ee00cc800  934       3       d.b.e.aZ::b (9 bytes)
Event: 4.004 Thread 0x00007f1ee00cc800 nmethod 934 0x00007f1ed1316150 code [0x00007f1ed13162e0, 0x00007f1ed1316660]
Event: 4.004 Thread 0x00007f1ee00cc800  935       3       d.T::d_ (2 bytes)
Event: 4.004 Thread 0x00007f1ee00cc800 nmethod 935 0x00007f1ed1316790 code [0x00007f1ed13168e0, 0x00007f1ed1316a30]
Event: 4.006 Thread 0x00007f1ee00cc800  936       3       d.b.d.bS::c (1694 bytes)

GC Heap History (10 events):
Event: 2.804 GC heap before
{Heap before GC invocations=8 (full 0):
 def new generation   total 3072K, used 3071K [0x00000000f6a00000, 0x00000000f6d50000, 0x00000000f9c00000)
  eden space 2752K,  99% used [0x00000000f6a00000, 0x00000000f6cafff0, 0x00000000f6cb0000)
  from space 320K,  99% used [0x00000000f6cb0000, 0x00000000f6cffff0, 0x00000000f6d00000)
  to   space 320K,   0% used [0x00000000f6d00000, 0x00000000f6d00000, 0x00000000f6d50000)
 tenured generation   total 6848K, used 2494K [0x00000000f9c00000, 0x00000000fa2b0000, 0x0000000100000000)
   the space 6848K,  36% used [0x00000000f9c00000, 0x00000000f9e6f840, 0x00000000f9e6fa00, 0x00000000fa2b0000)
 Metaspace       used 10058K, capacity 10256K, committed 10496K, reserved 1058816K
  class space    used 1660K, capacity 1734K, committed 1792K, reserved 1048576K
Event: 2.807 GC heap after
Heap after GC invocations=9 (full 0):
 def new generation   total 3072K, used 320K [0x00000000f6a00000, 0x00000000f6d50000, 0x00000000f9c00000)
  eden space 2752K,   0% used [0x00000000f6a00000, 0x00000000f6a00000, 0x00000000f6cb0000)
  from space 320K, 100% used [0x00000000f6d00000, 0x00000000f6d50000, 0x00000000f6d50000)
  to   space 320K,   0% used [0x00000000f6cb0000, 0x00000000f6cb0000, 0x00000000f6d00000)
 tenured generation   total 6848K, used 2978K [0x00000000f9c00000, 0x00000000fa2b0000, 0x0000000100000000)
   the space 6848K,  43% used [0x00000000f9c00000, 0x00000000f9ee8be0, 0x00000000f9ee8c00, 0x00000000fa2b0000)
 Metaspace       used 10058K, capacity 10256K, committed 10496K, reserved 1058816K
  class space    used 1660K, capacity 1734K, committed 1792K, reserved 1048576K
}
Event: 2.881 GC heap before
{Heap before GC invocations=9 (full 0):
 def new generation   total 3072K, used 3072K [0x00000000f6a00000, 0x00000000f6d50000, 0x00000000f9c00000)
  eden space 2752K, 100% used [0x00000000f6a00000, 0x00000000f6cb0000, 0x00000000f6cb0000)
  from space 320K, 100% used [0x00000000f6d00000, 0x00000000f6d50000, 0x00000000f6d50000)
  to   space 320K,   0% used [0x00000000f6cb0000, 0x00000000f6cb0000, 0x00000000f6d00000)
 tenured generation   total 6848K, used 2978K [0x00000000f9c00000, 0x00000000fa2b0000, 0x0000000100000000)
   the space 6848K,  43% used [0x00000000f9c00000, 0x00000000f9ee8be0, 0x00000000f9ee8c00, 0x00000000fa2b0000)
 Metaspace       used 10544K, capacity 10768K, committed 10880K, reserved 1058816K
  class space    used 1777K, capacity 1862K, committed 1920K, reserved 1048576K
Event: 2.884 GC heap after
Heap after GC invocations=10 (full 0):
 def new generation   total 3072K, used 319K [0x00000000f6a00000, 0x00000000f6d50000, 0x00000000f9c00000)
  eden space 2752K,   0% used [0x00000000f6a00000, 0x00000000f6a00000, 0x00000000f6cb0000)
  from space 320K,  99% used [0x00000000f6cb0000, 0x00000000f6cffff0, 0x00000000f6d00000)
  to   space 320K,   0% used [0x00000000f6d00000, 0x00000000f6d00000, 0x00000000f6d50000)
 tenured generation   total 6848K, used 3346K [0x00000000f9c00000, 0x00000000fa2b0000, 0x0000000100000000)
   the space 6848K,  48% used [0x00000000f9c00000, 0x00000000f9f44938, 0x00000000f9f44a00, 0x00000000fa2b0000)
 Metaspace       used 10544K, capacity 10768K, committed 10880K, reserved 1058816K
  class space    used 1777K, capacity 1862K, committed 1920K, reserved 1048576K
}
Event: 3.726 GC heap before
{Heap before GC invocations=10 (full 0):
 def new generation   total 3072K, used 3071K [0x00000000f6a00000, 0x00000000f6d50000, 0x00000000f9c00000)
  eden space 2752K, 100% used [0x00000000f6a00000, 0x00000000f6cb0000, 0x00000000f6cb0000)
  from space 320K,  99% used [0x00000000f6cb0000, 0x00000000f6cffff0, 0x00000000f6d00000)
  to   space 320K,   0% used [0x00000000f6d00000, 0x00000000f6d00000, 0x00000000f6d50000)
 tenured generation   total 6848K, used 3346K [0x00000000f9c00000, 0x00000000fa2b0000, 0x0000000100000000)
   the space 6848K,  48% used [0x00000000f9c00000, 0x00000000f9f44938, 0x00000000f9f44a00, 0x00000000fa2b0000)
 Metaspace       used 12093K, capacity 12336K, committed 12672K, reserved 1060864K
  class space    used 2019K, capacity 2086K, committed 2176K, reserved 1048576K
Event: 3.729 GC heap after
Heap after GC invocations=11 (full 0):
 def new generation   total 3072K, used 320K [0x00000000f6a00000, 0x00000000f6d50000, 0x00000000f9c00000)
  eden space 2752K,   0% used [0x00000000f6a00000, 0x00000000f6a00000, 0x00000000f6cb0000)
  from space 320K, 100% used [0x00000000f6d00000, 0x00000000f6d50000, 0x00000000f6d50000)
  to   space 320K,   0% used [0x00000000f6cb0000, 0x00000000f6cb0000, 0x00000000f6d00000)
 tenured generation   total 6848K, used 3838K [0x00000000f9c00000, 0x00000000fa2b0000, 0x0000000100000000)
   the space 6848K,  56% used [0x00000000f9c00000, 0x00000000f9fbf938, 0x00000000f9fbfa00, 0x00000000fa2b0000)
 Metaspace       used 12093K, capacity 12336K, committed 12672K, reserved 1060864K
  class space    used 2019K, capacity 2086K, committed 2176K, reserved 1048576K
}
Event: 3.827 GC heap before
{Heap before GC invocations=11 (full 0):
 def new generation   total 3072K, used 3033K [0x00000000f6a00000, 0x00000000f6d50000, 0x00000000f9c00000)
  eden space 2752K,  98% used [0x00000000f6a00000, 0x00000000f6ca64c8, 0x00000000f6cb0000)
  from space 320K, 100% used [0x00000000f6d00000, 0x00000000f6d50000, 0x00000000f6d50000)
  to   space 320K,   0% used [0x00000000f6cb0000, 0x00000000f6cb0000, 0x00000000f6d00000)
 tenured generation   total 6848K, used 3838K [0x00000000f9c00000, 0x00000000fa2b0000, 0x0000000100000000)
   the space 6848K,  56% used [0x00000000f9c00000, 0x00000000f9fbf938, 0x00000000f9fbfa00, 0x00000000fa2b0000)
 Metaspace       used 12633K, capacity 12880K, committed 13056K, reserved 1060864K
  class space    used 2118K, capacity 2182K, committed 2304K, reserved 1048576K
Event: 3.830 GC heap after
Heap after GC invocations=12 (full 0):
 def new generation   total 3072K, used 319K [0x00000000f6a00000, 0x00000000f6d50000, 0x00000000f9c00000)
  eden space 2752K,   0% used [0x00000000f6a00000, 0x00000000f6a00000, 0x00000000f6cb0000)
  from space 320K,  99% used [0x00000000f6cb0000, 0x00000000f6cffff8, 0x00000000f6d00000)
  to   space 320K,   0% used [0x00000000f6d00000, 0x00000000f6d00000, 0x00000000f6d50000)
 tenured generation   total 6848K, used 4276K [0x00000000f9c00000, 0x00000000fa2b0000, 0x0000000100000000)
   the space 6848K,  62% used [0x00000000f9c00000, 0x00000000fa02d020, 0x00000000fa02d200, 0x00000000fa2b0000)
 Metaspace       used 12633K, capacity 12880K, committed 13056K, reserved 1060864K
  class space    used 2118K, capacity 2182K, committed 2304K, reserved 1048576K
}
Event: 3.936 GC heap before
{Heap before GC invocations=12 (full 0):
 def new generation   total 3072K, used 3071K [0x00000000f6a00000, 0x00000000f6d50000, 0x00000000f9c00000)
  eden space 2752K, 100% used [0x00000000f6a00000, 0x00000000f6cb0000, 0x00000000f6cb0000)
  from space 320K,  99% used [0x00000000f6cb0000, 0x00000000f6cffff8, 0x00000000f6d00000)
  to   space 320K,   0% used [0x00000000f6d00000, 0x00000000f6d00000, 0x00000000f6d50000)
 tenured generation   total 6848K, used 4276K [0x00000000f9c00000, 0x00000000fa2b0000, 0x0000000100000000)
   the space 6848K,  62% used [0x00000000f9c00000, 0x00000000fa02d020, 0x00000000fa02d200, 0x00000000fa2b0000)
 Metaspace       used 13080K, capacity 13296K, committed 13568K, reserved 1060864K
  class space    used 2214K, capacity 2278K, committed 2304K, reserved 1048576K
Event: 3.938 GC heap after
Heap after GC invocations=13 (full 0):
 def new generation   total 3072K, used 319K [0x00000000f6a00000, 0x00000000f6d50000, 0x00000000f9c00000)
  eden space 2752K,   0% used [0x00000000f6a00000, 0x00000000f6a00000, 0x00000000f6cb0000)
  from space 320K,  99% used [0x00000000f6d00000, 0x00000000f6d4fff0, 0x00000000f6d50000)
  to   space 320K,   0% used [0x00000000f6cb0000, 0x00000000f6cb0000, 0x00000000f6d00000)
 tenured generation   total 6848K, used 4602K [0x00000000f9c00000, 0x00000000fa2b0000, 0x0000000100000000)
   the space 6848K,  67% used [0x00000000f9c00000, 0x00000000fa07ebf8, 0x00000000fa07ec00, 0x00000000fa2b0000)
 Metaspace       used 13080K, capacity 13296K, committed 13568K, reserved 1060864K
  class space    used 2214K, capacity 2278K, committed 2304K, reserved 1048576K
}

Deoptimization events (4 events):
Event: 2.197 Thread 0x00007f1ee000a000 Uncommon trap: reason=unstable_if action=reinterpret pc=0x00007f1ed121c380 method=java.util.concurrent.ConcurrentHashMap.putVal(Ljava/lang/Object;Ljava/lang/Object;Z)Ljava/lang/Object; @ 181
Event: 2.344 Thread 0x00007f1ee000a000 Uncommon trap: reason=unstable_if action=reinterpret pc=0x00007f1ed11c9288 method=java.lang.String.replace(CC)Ljava/lang/String; @ 26
Event: 2.495 Thread 0x00007f1ee000a000 Uncommon trap: reason=unstable_if action=reinterpret pc=0x00007f1ed1219d8c method=java.lang.CharacterDataLatin1.toUpperCase(I)I @ 12
Event: 3.027 Thread 0x00007f1ee02a4800 Uncommon trap: reason=unstable_if action=reinterpret pc=0x00007f1ed11d6484 method=java.lang.String.indexOf([CII[CIII)I @ 3

Internal exceptions (10 events):
Event: 0.529 Thread 0x00007f1ee000a000 Exception <a 'java/lang/NoSuchMethodError': Method sun.misc.Unsafe.defineClass(Ljava/lang/String;[BII)Ljava/lang/Class; name or signature does not match> (0x00000000f6a07ca8) thrown at [/build/openjdk-8-8u141-b15/src/hotspot/src/share/vm/prims/jni.cpp, li
Event: 0.529 Thread 0x00007f1ee000a000 Exception <a 'java/lang/NoSuchMethodError': Method sun.misc.Unsafe.prefetchRead(Ljava/lang/Object;J)V name or signature does not match> (0x00000000f6a07f90) thrown at [/build/openjdk-8-8u141-b15/src/hotspot/src/share/vm/prims/jni.cpp, line 4011]
Event: 0.917 Thread 0x00007f1ee000a000 Exception <a 'java/security/PrivilegedActionException'> (0x00000000f6a84728) thrown at [/build/openjdk-8-8u141-b15/src/hotspot/src/share/vm/prims/jvm.cpp, line 1390]
Event: 0.917 Thread 0x00007f1ee000a000 Exception <a 'java/security/PrivilegedActionException'> (0x00000000f6a84938) thrown at [/build/openjdk-8-8u141-b15/src/hotspot/src/share/vm/prims/jvm.cpp, line 1390]
Event: 0.918 Thread 0x00007f1ee000a000 Exception <a 'java/security/PrivilegedActionException'> (0x00000000f6a869c0) thrown at [/build/openjdk-8-8u141-b15/src/hotspot/src/share/vm/prims/jvm.cpp, line 1390]
Event: 0.918 Thread 0x00007f1ee000a000 Exception <a 'java/security/PrivilegedActionException'> (0x00000000f6a86bd0) thrown at [/build/openjdk-8-8u141-b15/src/hotspot/src/share/vm/prims/jvm.cpp, line 1390]
Event: 0.918 Thread 0x00007f1ee000a000 Exception <a 'java/security/PrivilegedActionException'> (0x00000000f6a876a8) thrown at [/build/openjdk-8-8u141-b15/src/hotspot/src/share/vm/prims/jvm.cpp, line 1390]
Event: 0.918 Thread 0x00007f1ee000a000 Exception <a 'java/security/PrivilegedActionException'> (0x00000000f6a878b8) thrown at [/build/openjdk-8-8u141-b15/src/hotspot/src/share/vm/prims/jvm.cpp, line 1390]
Event: 2.542 Thread 0x00007f1ee000a000 Exception <a 'java/lang/NoSuchFieldError': method resolution failed> (0x00000000f6bcee58) thrown at [/build/openjdk-8-8u141-b15/src/hotspot/src/share/vm/prims/methodHandles.cpp, line 1146]
Event: 2.555 Thread 0x00007f1ee000a000 Exception <a 'java/lang/NoSuchFieldError': method resolution failed> (0x00000000f6bdc5e8) thrown at [/build/openjdk-8-8u141-b15/src/hotspot/src/share/vm/prims/methodHandles.cpp, line 1146]

Events (10 events):
Event: 4.001 loading class coursier/a/ci done
Event: 4.002 loading class coursier/a/dy
Event: 4.002 loading class coursier/a/dy done
Event: 4.002 loading class java/util/concurrent/ConcurrentHashMap$MapEntry
Event: 4.003 loading class java/util/concurrent/ConcurrentHashMap$MapEntry done
Event: 4.004 loading class d/b/d/o
Event: 4.004 loading class d/b/d/o done
Event: 4.004 loading class d/b/d/bR
Event: 4.004 loading class d/b/d/bR done
Event: 4.074 Executing VM operation: GenCollectForAllocation


Dynamic libraries:
f6a00000-f6d50000 rw-p 00000000 00:00 0 
f6d50000-f9c00000 ---p 00000000 00:00 0 
f9c00000-fa2b0000 rw-p 00000000 00:00 0 
fa2b0000-100000000 ---p 00000000 00:00 0 
100000000-100260000 rw-p 00000000 00:00 0 
100260000-140000000 ---p 00000000 00:00 0 
55a8903e8000-55a8903e9000 r-xp 00000000 08:01 791606                     /usr/lib/jvm/java-8-openjdk-amd64/jre/bin/java
55a8905e8000-55a8905e9000 r--p 00000000 08:01 791606                     /usr/lib/jvm/java-8-openjdk-amd64/jre/bin/java
55a8905e9000-55a8905ea000 rw-p 00001000 08:01 791606                     /usr/lib/jvm/java-8-openjdk-amd64/jre/bin/java
55a892131000-55a8921be000 rw-p 00000000 00:00 0                          [heap]
7f1eb4000000-7f1eb4b1a000 rw-p 00000000 00:00 0 
7f1eb4b1a000-7f1eb8000000 ---p 00000000 00:00 0 
7f1eb8000000-7f1eb8021000 rw-p 00000000 00:00 0 
7f1eb8021000-7f1ebc000000 ---p 00000000 00:00 0 
7f1ebc000000-7f1ebc021000 rw-p 00000000 00:00 0 
7f1ebc021000-7f1ec0000000 ---p 00000000 00:00 0 
7f1ec0000000-7f1ec0be7000 rw-p 00000000 00:00 0 
7f1ec0be7000-7f1ec4000000 ---p 00000000 00:00 0 
7f1ec4000000-7f1ec4021000 rw-p 00000000 00:00 0 
7f1ec4021000-7f1ec8000000 ---p 00000000 00:00 0 
7f1ec8000000-7f1ec8021000 rw-p 00000000 00:00 0 
7f1ec8021000-7f1ecc000000 ---p 00000000 00:00 0 
7f1ecc000000-7f1ecc072000 rw-p 00000000 00:00 0 
7f1ecc072000-7f1ed0000000 ---p 00000000 00:00 0 
7f1ed1000000-7f1ed1320000 rwxp 00000000 00:00 0 
7f1ed1330000-7f1ee0000000 ---p 00000000 00:00 0 
7f1ee0000000-7f1ee0409000 rw-p 00000000 00:00 0 
7f1ee0409000-7f1ee4000000 ---p 00000000 00:00 0 
7f1ee44de000-7f1ee45de000 rw-p 00000000 00:00 0 
7f1ee45de000-7f1ee46de000 ---p 00000000 00:00 0 
7f1ee46de000-7f1ee46e3000 r--s 0009a000 08:01 791747                     /usr/lib/jvm/java-8-openjdk-amd64/jre/lib/jsse.jar
7f1ee46e3000-7f1ee46e6000 ---p 00000000 00:00 0 
7f1ee46e6000-7f1ee47e4000 rw-p 00000000 00:00 0 
7f1ee47e4000-7f1ee47e7000 ---p 00000000 00:00 0 
7f1ee47e7000-7f1ee48e5000 rw-p 00000000 00:00 0 
7f1ee48e5000-7f1ee48e8000 ---p 00000000 00:00 0 
7f1ee48e8000-7f1ee49e6000 rw-p 00000000 00:00 0 
7f1ee49e6000-7f1ee49e9000 ---p 00000000 00:00 0 
7f1ee49e9000-7f1ee4ae7000 rw-p 00000000 00:00 0 
7f1ee4ae7000-7f1ee4aea000 ---p 00000000 00:00 0 
7f1ee4aea000-7f1ee4be8000 rw-p 00000000 00:00 0 
7f1ee4be8000-7f1ee4beb000 ---p 00000000 00:00 0 
7f1ee4beb000-7f1ee4ce9000 rw-p 00000000 00:00 0 
7f1ee4ce9000-7f1ee4cec000 ---p 00000000 00:00 0 
7f1ee4cec000-7f1ee4dea000 rw-p 00000000 00:00 0 
7f1ee4dea000-7f1ee4ded000 ---p 00000000 00:00 0 
7f1ee4ded000-7f1ee5023000 rw-p 00000000 00:00 0 
7f1ee5023000-7f1ee506f000 r--s 0024b000 08:01 665546                     /home/wangxin/.coursier/bootstrap/1.0.0-RC1/coursier-cli_2.11-1.0.0-RC1-standalone.jar
7f1ee506f000-7f1ee5070000 r--s 00002000 08:01 791794                     /home/wangxin/.local/share/jupyter/kernels/scala/launcher.jar
7f1ee5070000-7f1ee5074000 r--s 00037000 08:01 923918                     /usr/lib/jvm/java-8-openjdk-amd64/jre/lib/ext/sunpkcs11.jar
7f1ee5074000-7f1ee5076000 r--s 00008000 08:01 923916                     /usr/lib/jvm/java-8-openjdk-amd64/jre/lib/ext/sunec.jar
7f1ee5076000-7f1ee5091000 r--s 001d6000 08:01 923915                     /usr/lib/jvm/java-8-openjdk-amd64/jre/lib/ext/nashorn.jar
7f1ee5091000-7f1ee50ac000 r--s 00394000 08:01 923910                     /usr/lib/jvm/java-8-openjdk-amd64/jre/lib/ext/cldrdata.jar
7f1ee50ac000-7f1ee50ad000 ---p 00000000 00:00 0 
7f1ee50ad000-7f1ee51ad000 rw-p 00000000 00:00 0 
7f1ee51ad000-7f1ee51b0000 ---p 00000000 00:00 0 
7f1ee51b0000-7f1ee52ae000 rw-p 00000000 00:00 0 
7f1ee52ae000-7f1ee52b1000 ---p 00000000 00:00 0 
7f1ee52b1000-7f1ee53af000 rw-p 00000000 00:00 0 
7f1ee53af000-7f1ee53b2000 ---p 00000000 00:00 0 
7f1ee53b2000-7f1ee54b0000 rw-p 00000000 00:00 0 
7f1ee54b0000-7f1ee54b3000 ---p 00000000 00:00 0 
7f1ee54b3000-7f1ee55b1000 rw-p 00000000 00:00 0 
7f1ee55b1000-7f1ee574c000 r--p 00000000 08:01 393270                     /usr/lib/locale/locale-archive
7f1ee574c000-7f1ee574f000 ---p 00000000 00:00 0 
7f1ee574f000-7f1ee584d000 rw-p 00000000 00:00 0 
7f1ee584d000-7f1ee5850000 ---p 00000000 00:00 0 
7f1ee5850000-7f1ee594e000 rw-p 00000000 00:00 0 
7f1ee594e000-7f1ee594f000 ---p 00000000 00:00 0 
7f1ee594f000-7f1ee5a9d000 rw-p 00000000 00:00 0 
7f1ee5a9d000-7f1ee5c6b000 r--s 03c15000 08:01 791752                     /usr/lib/jvm/java-8-openjdk-amd64/jre/lib/rt.jar
7f1ee5c6b000-7f1ee64e1000 rw-p 00000000 00:00 0 
7f1ee64e1000-7f1ee64ee000 rw-p 00000000 00:00 0 
7f1ee64ee000-7f1ee68a1000 ---p 00000000 00:00 0 
7f1ee68a1000-7f1ee68a9000 r-xp 00000000 08:01 791658                     /usr/lib/jvm/java-8-openjdk-amd64/jre/lib/amd64/libzip.so
7f1ee68a9000-7f1ee6aa8000 ---p 00008000 08:01 791658                     /usr/lib/jvm/java-8-openjdk-amd64/jre/lib/amd64/libzip.so
7f1ee6aa8000-7f1ee6aa9000 r--p 00007000 08:01 791658                     /usr/lib/jvm/java-8-openjdk-amd64/jre/lib/amd64/libzip.so
7f1ee6aa9000-7f1ee6aaa000 rw-p 00008000 08:01 791658                     /usr/lib/jvm/java-8-openjdk-amd64/jre/lib/amd64/libzip.so
7f1ee6aaa000-7f1ee6ab4000 r-xp 00000000 08:01 131219                     /lib/x86_64-linux-gnu/libnss_files-2.24.so
7f1ee6ab4000-7f1ee6cb4000 ---p 0000a000 08:01 131219                     /lib/x86_64-linux-gnu/libnss_files-2.24.so
7f1ee6cb4000-7f1ee6cb5000 r--p 0000a000 08:01 131219                     /lib/x86_64-linux-gnu/libnss_files-2.24.so
7f1ee6cb5000-7f1ee6cb6000 rw-p 0000b000 08:01 131219                     /lib/x86_64-linux-gnu/libnss_files-2.24.so
7f1ee6cb6000-7f1ee6cbc000 rw-p 00000000 00:00 0 
7f1ee6cbc000-7f1ee6cc7000 r-xp 00000000 08:01 131505                     /lib/x86_64-linux-gnu/libnss_nis-2.24.so
7f1ee6cc7000-7f1ee6ec6000 ---p 0000b000 08:01 131505                     /lib/x86_64-linux-gnu/libnss_nis-2.24.so
7f1ee6ec6000-7f1ee6ec7000 r--p 0000a000 08:01 131505                     /lib/x86_64-linux-gnu/libnss_nis-2.24.so
7f1ee6ec7000-7f1ee6ec8000 rw-p 0000b000 08:01 131505                     /lib/x86_64-linux-gnu/libnss_nis-2.24.so
7f1ee6ec8000-7f1ee6edc000 r-xp 00000000 08:01 131164                     /lib/x86_64-linux-gnu/libnsl-2.24.so
7f1ee6edc000-7f1ee70dc000 ---p 00014000 08:01 131164                     /lib/x86_64-linux-gnu/libnsl-2.24.so
7f1ee70dc000-7f1ee70dd000 r--p 00014000 08:01 131164                     /lib/x86_64-linux-gnu/libnsl-2.24.so
7f1ee70dd000-7f1ee70de000 rw-p 00015000 08:01 131164                     /lib/x86_64-linux-gnu/libnsl-2.24.so
7f1ee70de000-7f1ee70e0000 rw-p 00000000 00:00 0 
7f1ee70e0000-7f1ee70e7000 r-xp 00000000 08:01 131165                     /lib/x86_64-linux-gnu/libnss_compat-2.24.so
7f1ee70e7000-7f1ee72e6000 ---p 00007000 08:01 131165                     /lib/x86_64-linux-gnu/libnss_compat-2.24.so
7f1ee72e6000-7f1ee72e7000 r--p 00006000 08:01 131165                     /lib/x86_64-linux-gnu/libnss_compat-2.24.so
7f1ee72e7000-7f1ee72e8000 rw-p 00007000 08:01 131165                     /lib/x86_64-linux-gnu/libnss_compat-2.24.so
7f1ee72e8000-7f1ee7315000 r-xp 00000000 08:01 791639                     /usr/lib/jvm/java-8-openjdk-amd64/jre/lib/amd64/libjava.so
7f1ee7315000-7f1ee7514000 ---p 0002d000 08:01 791639                     /usr/lib/jvm/java-8-openjdk-amd64/jre/lib/amd64/libjava.so
7f1ee7514000-7f1ee7515000 r--p 0002c000 08:01 791639                     /usr/lib/jvm/java-8-openjdk-amd64/jre/lib/amd64/libjava.so
7f1ee7515000-7f1ee7517000 rw-p 0002d000 08:01 791639                     /usr/lib/jvm/java-8-openjdk-amd64/jre/lib/amd64/libjava.so
7f1ee7517000-7f1ee7526000 r-xp 00000000 08:01 791657                     /usr/lib/jvm/java-8-openjdk-amd64/jre/lib/amd64/libverify.so
7f1ee7526000-7f1ee7726000 ---p 0000f000 08:01 791657                     /usr/lib/jvm/java-8-openjdk-amd64/jre/lib/amd64/libverify.so
7f1ee7726000-7f1ee7728000 r--p 0000f000 08:01 791657                     /usr/lib/jvm/java-8-openjdk-amd64/jre/lib/amd64/libverify.so
7f1ee7728000-7f1ee7729000 rw-p 00011000 08:01 791657                     /usr/lib/jvm/java-8-openjdk-amd64/jre/lib/amd64/libverify.so
7f1ee7729000-7f1ee7730000 r-xp 00000000 08:01 131539                     /lib/x86_64-linux-gnu/librt-2.24.so
7f1ee7730000-7f1ee792f000 ---p 00007000 08:01 131539                     /lib/x86_64-linux-gnu/librt-2.24.so
7f1ee792f000-7f1ee7930000 r--p 00006000 08:01 131539                     /lib/x86_64-linux-gnu/librt-2.24.so
7f1ee7930000-7f1ee7931000 rw-p 00007000 08:01 131539                     /lib/x86_64-linux-gnu/librt-2.24.so
7f1ee7931000-7f1ee7947000 r-xp 00000000 08:01 131132                     /lib/x86_64-linux-gnu/libgcc_s.so.1
7f1ee7947000-7f1ee7b46000 ---p 00016000 08:01 131132                     /lib/x86_64-linux-gnu/libgcc_s.so.1
7f1ee7b46000-7f1ee7b47000 r--p 00015000 08:01 131132                     /lib/x86_64-linux-gnu/libgcc_s.so.1
7f1ee7b47000-7f1ee7b48000 rw-p 00016000 08:01 131132                     /lib/x86_64-linux-gnu/libgcc_s.so.1
7f1ee7b48000-7f1ee7c4b000 r-xp 00000000 08:01 131161                     /lib/x86_64-linux-gnu/libm-2.24.so
7f1ee7c4b000-7f1ee7e4a000 ---p 00103000 08:01 131161                     /lib/x86_64-linux-gnu/libm-2.24.so
7f1ee7e4a000-7f1ee7e4b000 r--p 00102000 08:01 131161                     /lib/x86_64-linux-gnu/libm-2.24.so
7f1ee7e4b000-7f1ee7e4c000 rw-p 00103000 08:01 131161                     /lib/x86_64-linux-gnu/libm-2.24.so
7f1ee7e4c000-7f1ee7fbe000 r-xp 00000000 08:01 398132                     /usr/lib/x86_64-linux-gnu/libstdc++.so.6.0.22
7f1ee7fbe000-7f1ee81be000 ---p 00172000 08:01 398132                     /usr/lib/x86_64-linux-gnu/libstdc++.so.6.0.22
7f1ee81be000-7f1ee81c8000 r--p 00172000 08:01 398132                     /usr/lib/x86_64-linux-gnu/libstdc++.so.6.0.22
7f1ee81c8000-7f1ee81ca000 rw-p 0017c000 08:01 398132                     /usr/lib/x86_64-linux-gnu/libstdc++.so.6.0.22
7f1ee81ca000-7f1ee81ce000 rw-p 00000000 00:00 0 
7f1ee81ce000-7f1ee8e26000 r-xp 00000000 08:01 791661                     /usr/lib/jvm/java-8-openjdk-amd64/jre/lib/amd64/server/libjvm.so
7f1ee8e26000-7f1ee9026000 ---p 00c58000 08:01 791661                     /usr/lib/jvm/java-8-openjdk-amd64/jre/lib/amd64/server/libjvm.so
7f1ee9026000-7f1ee90b9000 r--p 00c58000 08:01 791661                     /usr/lib/jvm/java-8-openjdk-amd64/jre/lib/amd64/server/libjvm.so
7f1ee90b9000-7f1ee90e2000 rw-p 00ceb000 08:01 791661                     /usr/lib/jvm/java-8-openjdk-amd64/jre/lib/amd64/server/libjvm.so
7f1ee90e2000-7f1ee9112000 rw-p 00000000 00:00 0 
7f1ee9112000-7f1ee92a7000 r-xp 00000000 08:01 131156                     /lib/x86_64-linux-gnu/libc-2.24.so
7f1ee92a7000-7f1ee94a7000 ---p 00195000 08:01 131156                     /lib/x86_64-linux-gnu/libc-2.24.so
7f1ee94a7000-7f1ee94ab000 r--p 00195000 08:01 131156                     /lib/x86_64-linux-gnu/libc-2.24.so
7f1ee94ab000-7f1ee94ad000 rw-p 00199000 08:01 131156                     /lib/x86_64-linux-gnu/libc-2.24.so
7f1ee94ad000-7f1ee94b1000 rw-p 00000000 00:00 0 
7f1ee94b1000-7f1ee94b4000 r-xp 00000000 08:01 131159                     /lib/x86_64-linux-gnu/libdl-2.24.so
7f1ee94b4000-7f1ee96b3000 ---p 00003000 08:01 131159                     /lib/x86_64-linux-gnu/libdl-2.24.so
7f1ee96b3000-7f1ee96b4000 r--p 00002000 08:01 131159                     /lib/x86_64-linux-gnu/libdl-2.24.so
7f1ee96b4000-7f1ee96b5000 rw-p 00003000 08:01 131159                     /lib/x86_64-linux-gnu/libdl-2.24.so
7f1ee96b5000-7f1ee96c2000 r-xp 00000000 08:01 791625                     /usr/lib/jvm/java-8-openjdk-amd64/jre/lib/amd64/jli/libjli.so
7f1ee96c2000-7f1ee98c2000 ---p 0000d000 08:01 791625                     /usr/lib/jvm/java-8-openjdk-amd64/jre/lib/amd64/jli/libjli.so
7f1ee98c2000-7f1ee98c3000 r--p 0000d000 08:01 791625                     /usr/lib/jvm/java-8-openjdk-amd64/jre/lib/amd64/jli/libjli.so
7f1ee98c3000-7f1ee98c4000 rw-p 0000e000 08:01 791625                     /usr/lib/jvm/java-8-openjdk-amd64/jre/lib/amd64/jli/libjli.so
7f1ee98c4000-7f1ee98dd000 r-xp 00000000 08:01 131414                     /lib/x86_64-linux-gnu/libz.so.1.2.8
7f1ee98dd000-7f1ee9adc000 ---p 00019000 08:01 131414                     /lib/x86_64-linux-gnu/libz.so.1.2.8
7f1ee9adc000-7f1ee9add000 r--p 00018000 08:01 131414                     /lib/x86_64-linux-gnu/libz.so.1.2.8
7f1ee9add000-7f1ee9ade000 rw-p 00019000 08:01 131414                     /lib/x86_64-linux-gnu/libz.so.1.2.8
7f1ee9ade000-7f1ee9af6000 r-xp 00000000 08:01 131535                     /lib/x86_64-linux-gnu/libpthread-2.24.so
7f1ee9af6000-7f1ee9cf5000 ---p 00018000 08:01 131535                     /lib/x86_64-linux-gnu/libpthread-2.24.so
7f1ee9cf5000-7f1ee9cf6000 r--p 00017000 08:01 131535                     /lib/x86_64-linux-gnu/libpthread-2.24.so
7f1ee9cf6000-7f1ee9cf7000 rw-p 00018000 08:01 131535                     /lib/x86_64-linux-gnu/libpthread-2.24.so
7f1ee9cf7000-7f1ee9cfb000 rw-p 00000000 00:00 0 
7f1ee9cfb000-7f1ee9d1e000 r-xp 00000000 08:01 131140                     /lib/x86_64-linux-gnu/ld-2.24.so
7f1ee9d1e000-7f1ee9d1f000 r--s 00010000 08:01 923919                     /usr/lib/jvm/java-8-openjdk-amd64/jre/lib/ext/zipfs.jar
7f1ee9d1f000-7f1ee9d21000 r--s 00001000 08:01 923911                     /usr/lib/jvm/java-8-openjdk-amd64/jre/lib/ext/dnsns.jar
7f1ee9d21000-7f1ee9d26000 r--s 0003b000 08:01 923917                     /usr/lib/jvm/java-8-openjdk-amd64/jre/lib/ext/sunjce_provider.jar
7f1ee9d26000-7f1ee9d30000 r--s 00116000 08:01 923914                     /usr/lib/jvm/java-8-openjdk-amd64/jre/lib/ext/localedata.jar
7f1ee9d30000-7f1ee9d8f000 rw-p 00000000 00:00 0 
7f1ee9d8f000-7f1ee9dbe000 ---p 00000000 00:00 0 
7f1ee9dbe000-7f1ee9dc0000 rw-p 00000000 00:00 0 
7f1ee9dc0000-7f1ee9dd7000 ---p 00000000 00:00 0 
7f1ee9dd7000-7f1ee9ddb000 rw-p 00000000 00:00 0 
7f1ee9ddb000-7f1ee9e09000 ---p 00000000 00:00 0 
7f1ee9e09000-7f1ee9e0a000 rw-p 00000000 00:00 0 
7f1ee9e0a000-7f1ee9e12000 rw-s 00000000 08:01 132548                     /tmp/hsperfdata_wangxin/21204
7f1ee9e12000-7f1ee9e15000 ---p 00000000 00:00 0 
7f1ee9e15000-7f1ee9f15000 rw-p 00000000 00:00 0 
7f1ee9f15000-7f1ee9f18000 r--s 0000f000 08:01 923912                     /usr/lib/jvm/java-8-openjdk-amd64/jre/lib/ext/icedtea-sound.jar
7f1ee9f18000-7f1ee9f19000 r--s 0000a000 08:01 923913                     /usr/lib/jvm/java-8-openjdk-amd64/jre/lib/ext/jaccess.jar
7f1ee9f19000-7f1ee9f1a000 rw-p 00000000 00:00 0 
7f1ee9f1a000-7f1ee9f1b000 ---p 00000000 00:00 0 
7f1ee9f1b000-7f1ee9f1e000 rw-p 00000000 00:00 0 
7f1ee9f1e000-7f1ee9f1f000 r--p 00023000 08:01 131140                     /lib/x86_64-linux-gnu/ld-2.24.so
7f1ee9f1f000-7f1ee9f20000 rw-p 00024000 08:01 131140                     /lib/x86_64-linux-gnu/ld-2.24.so
7f1ee9f20000-7f1ee9f21000 rw-p 00000000 00:00 0 
7ffd53a06000-7ffd53a27000 rw-p 00000000 00:00 0                          [stack]
7ffd53a98000-7ffd53a9a000 r--p 00000000 00:00 0                          [vvar]
7ffd53a9a000-7ffd53a9c000 r-xp 00000000 00:00 0                          [vdso]
ffffffffff600000-ffffffffff601000 r-xp 00000000 00:00 0                  [vsyscall]

VM Arguments:
jvm_args: -Xverify:none 
java_command: /home/wangxin/.local/share/jupyter/kernels/scala/launcher.jar launch -r sonatype:releases -r sonatype:snapshots -i ammonite -I ammonite:org.jupyter-scala:ammonite-runtime_2.11.11:0.8.3-1 -I ammonite:org.jupyter-scala:scala-api_2.11.11:0.4.2 org.jupyter-scala:scala-cli_2.11.11:0.4.2 -- --id scala --name Scala --quiet --connection-file /home/wangxin/.local/share/jupyter/runtime/kernel-c06f694e-8fcd-4a87-9f30-17a21a2bc44b.json
java_class_path (initial): /home/wangxin/.local/share/jupyter/kernels/scala/launcher.jar
Launcher Type: SUN_STANDARD

Environment Variables:
PATH=/usr/local/bin:/usr/local/bin:/usr/bin:/bin:/usr/games
SHELL=/usr/bin/zsh

Signal Handlers:
SIGSEGV: [libjvm.so+0xa70500], sa_mask[0]=11111111011111111101111111111110, sa_flags=SA_RESTART|SA_SIGINFO
SIGBUS: [libjvm.so+0xa70500], sa_mask[0]=11111111011111111101111111111110, sa_flags=SA_RESTART|SA_SIGINFO
SIGFPE: [libjvm.so+0x8b9fa0], sa_mask[0]=11111111011111111101111111111110, sa_flags=SA_RESTART|SA_SIGINFO
SIGPIPE: [libjvm.so+0x8b9fa0], sa_mask[0]=11111111011111111101111111111110, sa_flags=SA_RESTART|SA_SIGINFO
SIGXFSZ: [libjvm.so+0x8b9fa0], sa_mask[0]=11111111011111111101111111111110, sa_flags=SA_RESTART|SA_SIGINFO
SIGILL: [libjvm.so+0x8b9fa0], sa_mask[0]=11111111011111111101111111111110, sa_flags=SA_RESTART|SA_SIGINFO
SIGUSR1: SIG_DFL, sa_mask[0]=00000000000000000000000000000000, sa_flags=none
SIGUSR2: [libjvm.so+0x8b9e50], sa_mask[0]=00000000000000000000000000000000, sa_flags=SA_RESTART|SA_SIGINFO
SIGHUP: SIG_IGN, sa_mask[0]=00000000000000000000000000000000, sa_flags=none
SIGINT: [libjvm.so+0x8ba300], sa_mask[0]=11111111011111111101111111111110, sa_flags=SA_RESTART|SA_SIGINFO
SIGTERM: [libjvm.so+0x8ba300], sa_mask[0]=11111111011111111101111111111110, sa_flags=SA_RESTART|SA_SIGINFO
SIGQUIT: [libjvm.so+0x8ba300], sa_mask[0]=11111111011111111101111111111110, sa_flags=SA_RESTART|SA_SIGINFO


---------------  S Y S T E M  ---------------

OS:PRETTY_NAME="Debian GNU/Linux 9 (stretch)"
NAME="Debian GNU/Linux"
VERSION_ID="9"
VERSION="9 (stretch)"
ID=debian
HOME_URL="https://www.debian.org/"
SUPPORT_URL="https://www.debian.org/support"
BUG_REPORT_URL="https://bugs.debian.org/"

uname:Linux 4.9.0-3-amd64 #1 SMP Debian 4.9.30-2+deb9u3 (2017-08-06) x86_64
libc:glibc 2.24 NPTL 2.24 
rlimit: STACK 8192k, CORE 0k, NPROC 2283, NOFILE 1048576, AS infinity
load average:2.06 0.72 0.27

/proc/meminfo:
MemTotal:         606808 kB
MemFree:           31664 kB
MemAvailable:          0 kB
Buffers:             328 kB
Cached:            12796 kB
SwapCached:            0 kB
Active:           520216 kB
Inactive:           8452 kB
Active(anon):     515736 kB
Inactive(anon):     3820 kB
Active(file):       4480 kB
Inactive(file):     4632 kB
Unevictable:           0 kB
Mlocked:               0 kB
SwapTotal:             0 kB
SwapFree:              0 kB
Dirty:                 0 kB
Writeback:             0 kB
AnonPages:        515560 kB
Mapped:             9200 kB
Shmem:              3996 kB
Slab:              18888 kB
SReclaimable:       9208 kB
SUnreclaim:         9680 kB
KernelStack:        2208 kB
PageTables:         4812 kB
NFS_Unstable:          0 kB
Bounce:                0 kB
WritebackTmp:          0 kB
CommitLimit:      303404 kB
Committed_AS:     735624 kB
VmallocTotal:   34359738367 kB
VmallocUsed:           0 kB
VmallocChunk:          0 kB
HardwareCorrupted:     0 kB
AnonHugePages:         0 kB
ShmemHugePages:        0 kB
ShmemPmdMapped:        0 kB
HugePages_Total:       0
HugePages_Free:        0
HugePages_Rsvd:        0
HugePages_Surp:        0
Hugepagesize:       2048 kB
DirectMap4k:       69620 kB
DirectMap2M:      559104 kB
DirectMap1G:           0 kB


CPU:total 1 (initial active 1) (8 cores per cpu, 2 threads per core) family 6 model 45 stepping 7, cmov, cx8, fxsr, mmx, sse, sse2, sse3, ssse3, sse4.1, sse4.2, popcnt, avx, aes, clmul, ht, tsc, tscinvbit, tscinv

/proc/cpuinfo:
processor	: 0
vendor_id	: GenuineIntel
cpu family	: 6
model		: 45
model name	: Intel(R) Xeon(R) CPU @ 2.60GHz
stepping	: 7
microcode	: 0x1
cpu MHz		: 2600.000
cache size	: 20480 KB
physical id	: 0
siblings	: 1
core id		: 0
cpu cores	: 1
apicid		: 0
initial apicid	: 0
fpu		: yes
fpu_exception	: yes
cpuid level	: 13
wp		: yes
flags		: fpu vme de pse tsc msr pae mce cx8 apic sep mtrr pge mca cmov pat pse36 clflush mmx fxsr sse sse2 ss ht syscall nx pdpe1gb rdtscp lm constant_tsc rep_good nopl xtopology nonstop_tsc eagerfpu pni pclmulqdq ssse3 cx16 sse4_1 sse4_2 x2apic popcnt aes xsave avx hypervisor lahf_lm tsc_adjust xsaveopt
bugs		:
bogomips	: 5200.00
clflush size	: 64
cache_alignment	: 64
address sizes	: 46 bits physical, 48 bits virtual
power management:



Memory: 4k page, physical 606808k(31664k free), swap 0k(0k free)

vm_info: OpenJDK 64-Bit Server VM (25.141-b15) for linux-amd64 JRE (1.8.0_141-8u141-b15-1~deb9u1-b15), built on Jul 23 2017 12:12:42 by "pbuilder" with gcc 6.3.0 20170516

time: Sat Oct  7 18:29:21 2017
elapsed time: 22 seconds (0d 0h 0m 22s)

